<?xml version="1.0" encoding="UTF-8"?>
<testsuite xmlns:xsi="http://www.w3.org/2001/XMLSchema-instance" xsi:noNamespaceSchemaLocation="https://maven.apache.org/surefire/maven-surefire-plugin/xsd/surefire-test-report.xsd" version="3.0.2" name="org.springframework.samples.petclinic.model.PetTests" time="0.002" tests="4" errors="0" skipped="0" failures="0">
  <properties>
[...]
</properties>
  <testcase name="addVisit_shouldSetPetIdOnVisit" classname="org.springframework.samples.petclinic.model.PetTests" time="0.0"/>
  <testcase name="getVisits_shouldReturnEmptyList_whenNoVisitsAdded" classname="org.springframework.samples.petclinic.model.PetTests" time="0.001"/>
  <testcase name="getVisits_shouldReturnVisitsSortedByDate" classname="org.springframework.samples.petclinic.model.PetTests" time="0.0"/>
  <testcase name="getVisits_shouldReturnVisits_whenVisitsAdded" classname="org.springframework.samples.petclinic.model.PetTests" time="0.0"/>
</testsuite>